[debug] [2021-11-08T19:11:09.363Z] ----------------------------------------------------------------------
[debug] [2021-11-08T19:11:09.365Z] Command:       C:\Program Files\nodejs\node.exe C:\Users\lualm\AppData\Roaming\npm\node_modules\firebase-tools\lib\bin\firebase.js init
[debug] [2021-11-08T19:11:09.365Z] CLI Version:   9.22.0
[debug] [2021-11-08T19:11:09.365Z] Platform:      win32
[debug] [2021-11-08T19:11:09.366Z] Node Version:  v16.13.0
[debug] [2021-11-08T19:11:09.366Z] Time:          Mon Nov 08 2021 13:11:09 GMT-0600 (hora estándar central)
[debug] [2021-11-08T19:11:09.366Z] ----------------------------------------------------------------------
[debug] 
[debug] [2021-11-08T19:11:09.423Z] > command requires scopes: ["email","openid","https://www.googleapis.com/auth/cloudplatformprojects.readonly","https://www.googleapis.com/auth/firebase","https://www.googleapis.com/auth/cloud-platform"]
[debug] [2021-11-08T19:11:09.423Z] > authorizing via signed-in user (lmenendez.1@gmail.com)
[info] 
     ######## #### ########  ######## ########     ###     ######  ########
     ##        ##  ##     ## ##       ##     ##  ##   ##  ##       ##
     ######    ##  ########  ######   ########  #########  ######  ######
     ##        ##  ##    ##  ##       ##     ## ##     ##       ## ##
     ##       #### ##     ## ######## ########  ##     ##  ######  ########

You're about to initialize a Firebase project in this directory:

  C:\Users\lualm\Documents\projects\doggies

Before we get started, keep in mind:

  * You are initializing within an existing Firebase project directory

